This is pdfTeX, Version 3.141592653-2.6-1.40.26 (TeX Live 2024) (preloaded format=pdflatex 2024.10.5)  12 OCT 2024 10:28
entering extended mode
 restricted \write18 enabled.
 file:line:error style messages enabled.
 %&-line parsing enabled.
**c:/Users/mati/Documents/GitHub/TPS-AED/TP1/Tp1.tex
(c:/Users/mati/Documents/GitHub/TPS-AED/TP1/Tp1.tex
LaTeX2e <2024-06-01> patch level 2
L3 programming layer <2024-09-10>
(c:/texlive/2024/texmf-dist/tex/latex/base/article.cls
Document Class: article 2024/02/08 v1.4n Standard LaTeX document class
(c:/texlive/2024/texmf-dist/tex/latex/base/size10.clo
File: size10.clo 2024/02/08 v1.4n Standard LaTeX file (size option)
)
\c@part=\count194
\c@section=\count195
\c@subsection=\count196
\c@subsubsection=\count197
\c@paragraph=\count198
\c@subparagraph=\count199
\c@figure=\count266
\c@table=\count267
\abovecaptionskip=\skip49
\belowcaptionskip=\skip50
\bibindent=\dimen141
) (c:/texlive/2024/texmf-dist/tex/generic/babel/babel.sty
Package: babel 2024/09/18 v24.10 The Babel package
\babel@savecnt=\count268
\U@D=\dimen142
\l@unhyphenated=\language89
 (c:/texlive/2024/texmf-dist/tex/generic/babel/txtbabel.def)
\bbl@readstream=\read2
\bbl@dirlevel=\count269
 (c:/texlive/2024/texmf-dist/tex/generic/babel-spanish/spanish.ldf
Language: spanish.ldf 2021/05/27 v5.0q Spanish support from the babel system
\es@quottoks=\toks17
\es@quotdepth=\count270
Package babel Info: Making " an active character on input line 570.
Package babel Info: Making . an active character on input line 675.
Package babel Info: Making < an active character on input line 722.
Package babel Info: Making > an active character on input line 722.
Package babel Info: Making ' an active character on input line 740.
)) (c:/texlive/2024/texmf-dist/tex/generic/babel/locale/es/babel-spanish.tex
Package babel Info: Importing font and identification data for spanish
(babel)             from babel-es.ini. Reported on input line 11.
) (c:/texlive/2024/texmf-dist/tex/latex/base/inputenc.sty
Package: inputenc 2024/02/08 v1.3d Input encoding file
\inpenc@prehook=\toks18
\inpenc@posthook=\toks19
) (c:/texlive/2024/texmf-dist/tex/latex/base/ifthen.sty
Package: ifthen 2024/03/16 v1.1e Standard LaTeX ifthen package (DPC)
) (c:/texlive/2024/texmf-dist/tex/latex/listings/listings.sty (c:/texlive/2024/texmf-dist/tex/latex/graphics/keyval.sty
Package: keyval 2022/05/29 v1.15 key=value parser (DPC)
\KV@toks@=\toks20
)
\lst@mode=\count271
\lst@gtempboxa=\box52
\lst@token=\toks21
\lst@length=\count272
\lst@currlwidth=\dimen143
\lst@column=\count273
\lst@pos=\count274
\lst@lostspace=\dimen144
\lst@width=\dimen145
\lst@newlines=\count275
\lst@lineno=\count276
\lst@maxwidth=\dimen146
 (c:/texlive/2024/texmf-dist/tex/latex/listings/lstpatch.sty
File: lstpatch.sty 2024/09/23 1.10c (Carsten Heinz)
) (c:/texlive/2024/texmf-dist/tex/latex/listings/lstmisc.sty
File: lstmisc.sty 2024/09/23 1.10c (Carsten Heinz)
\c@lstnumber=\count277
\lst@skipnumbers=\count278
\lst@framebox=\box53
) (c:/texlive/2024/texmf-dist/tex/latex/listings/listings.cfg
File: listings.cfg 2024/09/23 1.10c listings configuration
))
Package: listings 2024/09/23 1.10c (Carsten Heinz)
 (c:/texlive/2024/texmf-dist/tex/latex/doublestroke/dsfont.sty
Package: dsfont 1995/08/01 v0.1 Double stroke roman fonts
) (c:/texlive/2024/texmf-dist/tex/latex/caption/subcaption.sty
Package: subcaption 2023/07/28 v1.6b Sub-captions (AR)
 (c:/texlive/2024/texmf-dist/tex/latex/caption/caption.sty
Package: caption 2023/08/05 v3.6o Customizing captions (AR)
 (c:/texlive/2024/texmf-dist/tex/latex/caption/caption3.sty
Package: caption3 2023/07/31 v2.4d caption3 kernel (AR)
\caption@tempdima=\dimen147
\captionmargin=\dimen148
\caption@leftmargin=\dimen149
\caption@rightmargin=\dimen150
\caption@width=\dimen151
\caption@indent=\dimen152
\caption@parindent=\dimen153
\caption@hangindent=\dimen154
Package caption Info: Standard document class detected.
)
\c@caption@flags=\count279
\c@continuedfloat=\count280
Package caption Info: listings package is loaded.
)
Package caption Info: New subtype `subfigure' on input line 238.
\c@subfigure=\count281
Package caption Info: New subtype `subtable' on input line 238.
\c@subtable=\count282
) (c:/texlive/2024/texmf-dist/tex/latex/amsmath/amsmath.sty
Package: amsmath 2024/05/23 v2.17q AMS math features
\@mathmargin=\skip51

For additional information on amsmath, use the `?' option.
(c:/texlive/2024/texmf-dist/tex/latex/amsmath/amstext.sty
Package: amstext 2021/08/26 v2.01 AMS text
 (c:/texlive/2024/texmf-dist/tex/latex/amsmath/amsgen.sty
File: amsgen.sty 1999/11/30 v2.0 generic functions
\@emptytoks=\toks22
\ex@=\dimen155
)) (c:/texlive/2024/texmf-dist/tex/latex/amsmath/amsbsy.sty
Package: amsbsy 1999/11/29 v1.2d Bold Symbols
\pmbraise@=\dimen156
) (c:/texlive/2024/texmf-dist/tex/latex/amsmath/amsopn.sty
Package: amsopn 2022/04/08 v2.04 operator names
)
\inf@bad=\count283
LaTeX Info: Redefining \frac on input line 233.
\uproot@=\count284
\leftroot@=\count285
LaTeX Info: Redefining \overline on input line 398.
LaTeX Info: Redefining \colon on input line 409.
\classnum@=\count286
\DOTSCASE@=\count287
LaTeX Info: Redefining \ldots on input line 495.
LaTeX Info: Redefining \dots on input line 498.
LaTeX Info: Redefining \cdots on input line 619.
\Mathstrutbox@=\box54
\strutbox@=\box55
LaTeX Info: Redefining \big on input line 721.
LaTeX Info: Redefining \Big on input line 722.
LaTeX Info: Redefining \bigg on input line 723.
LaTeX Info: Redefining \Bigg on input line 724.
\big@size=\dimen157
LaTeX Font Info:    Redeclaring font encoding OML on input line 742.
LaTeX Font Info:    Redeclaring font encoding OMS on input line 743.
\macc@depth=\count288
LaTeX Info: Redefining \bmod on input line 904.
LaTeX Info: Redefining \pmod on input line 909.
LaTeX Info: Redefining \smash on input line 939.
LaTeX Info: Redefining \relbar on input line 969.
LaTeX Info: Redefining \Relbar on input line 970.
\c@MaxMatrixCols=\count289
\dotsspace@=\muskip17
\c@parentequation=\count290
\dspbrk@lvl=\count291
\tag@help=\toks23
\row@=\count292
\column@=\count293
\maxfields@=\count294
\andhelp@=\toks24
\eqnshift@=\dimen158
\alignsep@=\dimen159
\tagshift@=\dimen160
\tagwidth@=\dimen161
\totwidth@=\dimen162
\lineht@=\dimen163
\@envbody=\toks25
\multlinegap=\skip52
\multlinetaggap=\skip53
\mathdisplay@stack=\toks26
LaTeX Info: Redefining \[ on input line 2953.
LaTeX Info: Redefining \] on input line 2954.
) (c:/texlive/2024/texmf-dist/tex/latex/changepage/changepage.sty
Package: changepage 2009/10/20 v1.0c check page and change page layout
\c@cp@cntr=\count295
\cp@tempcnt=\count296
) (c:/texlive/2024/texmf-dist/tex/latex/geometry/geometry.sty
Package: geometry 2020/01/02 v5.9 Page Geometry
 (c:/texlive/2024/texmf-dist/tex/generic/iftex/ifvtex.sty
Package: ifvtex 2019/10/25 v1.7 ifvtex legacy package. Use iftex instead.
 (c:/texlive/2024/texmf-dist/tex/generic/iftex/iftex.sty
Package: iftex 2022/02/03 v1.0f TeX engine tests
))
\Gm@cnth=\count297
\Gm@cntv=\count298
\c@Gm@tempcnt=\count299
\Gm@bindingoffset=\dimen164
\Gm@wd@mp=\dimen165
\Gm@odd@mp=\dimen166
\Gm@even@mp=\dimen167
\Gm@layoutwidth=\dimen168
\Gm@layoutheight=\dimen169
\Gm@layouthoffset=\dimen170
\Gm@layoutvoffset=\dimen171
\Gm@dimlist=\toks27
) (c:/texlive/2024/texmf-dist/tex/latex/graphics/color.sty
Package: color 2024/01/14 v1.3d Standard LaTeX Color (DPC)
 (c:/texlive/2024/texmf-dist/tex/latex/graphics-cfg/color.cfg
File: color.cfg 2016/01/02 v1.6 sample color configuration
)
Package color Info: Driver file: pdftex.def on input line 149.
 (c:/texlive/2024/texmf-dist/tex/latex/graphics-def/pdftex.def
File: pdftex.def 2024/04/13 v1.2c Graphics/color driver for pdftex
) (c:/texlive/2024/texmf-dist/tex/latex/graphics/mathcolor.ltx)) (./AEDmacros.tex (c:/texlive/2024/texmf-dist/tex/latex/listings/lstlang1.sty
File: lstlang1.sty 2024/09/23 1.10c listings language file
)) (./caratula.sty
Package: caratula 2013/08/04 v0.5 Para componer caratulas de TPs del DC
 (c:/texlive/2024/texmf-dist/tex/latex/graphics/graphicx.sty
Package: graphicx 2021/09/16 v1.2d Enhanced LaTeX Graphics (DPC,SPQR)
 (c:/texlive/2024/texmf-dist/tex/latex/graphics/graphics.sty
Package: graphics 2024/05/23 v1.4g Standard LaTeX Graphics (DPC,SPQR)
 (c:/texlive/2024/texmf-dist/tex/latex/graphics/trig.sty
Package: trig 2023/12/02 v1.11 sin cos tan (DPC)
) (c:/texlive/2024/texmf-dist/tex/latex/graphics-cfg/graphics.cfg
File: graphics.cfg 2016/06/04 v1.11 sample graphics configuration
)
Package graphics Info: Driver file: pdftex.def on input line 106.
)
\Gin@req@height=\dimen172
\Gin@req@width=\dimen173
)
Cargando package 'caratula' v0.5 (2013/08/04)
\intlist=\toks28
\intlistSinLU=\toks29
\c@integrantesCount=\count300
\intTabNombre=\toks30
\intTabLU=\toks31
\intTabEmail=\toks32
\c@directoresCount=\count301
\direcTabNombre=\toks33
\direcTabEmail=\toks34
\c@coDirectoresCount=\count302
\codirecTabNombre=\toks35
\codirecTabEmail=\toks36
) (c:/texlive/2024/texmf-dist/tex/latex/l3backend/l3backend-pdftex.def
File: l3backend-pdftex.def 2024-05-08 L3 backend support: PDF output (pdfTeX)
\l__color_backend_stack_int=\count303
\l__pdf_internal_box=\box56
) (./Tp1.aux)
\openout1 = `Tp1.aux'.

LaTeX Font Info:    Checking defaults for OML/cmm/m/it on input line 35.
LaTeX Font Info:    ... okay on input line 35.
LaTeX Font Info:    Checking defaults for OMS/cmsy/m/n on input line 35.
LaTeX Font Info:    ... okay on input line 35.
LaTeX Font Info:    Checking defaults for OT1/cmr/m/n on input line 35.
LaTeX Font Info:    ... okay on input line 35.
LaTeX Font Info:    Checking defaults for T1/cmr/m/n on input line 35.
LaTeX Font Info:    ... okay on input line 35.
LaTeX Font Info:    Checking defaults for TS1/cmr/m/n on input line 35.
LaTeX Font Info:    ... okay on input line 35.
LaTeX Font Info:    Checking defaults for OMX/cmex/m/n on input line 35.
LaTeX Font Info:    ... okay on input line 35.
LaTeX Font Info:    Checking defaults for U/cmr/m/n on input line 35.
LaTeX Font Info:    ... okay on input line 35.
LaTeX Info: Redefining \. on input line 35.
LaTeX Info: Redefining \% on input line 35.
\c@lstlisting=\count304
Package caption Info: Begin \AtBeginDocument code.
Package caption Info: changepage package is loaded.
\caption@adjustwidth@hsize=\dimen174
\caption@adjustwidth@linewidth=\dimen175
Package caption Info: End \AtBeginDocument code.

*geometry* driver: auto-detecting
*geometry* detected driver: pdftex
*geometry* verbose mode - [ preamble ] result:
* driver: pdftex
* paper: a4paper
* layout: <same size as paper>
* layoutoffset:(h,v)=(0.0pt,0.0pt)
* modes: 
* h-part:(L,W,R)=(28.45274pt, 540.60239pt, 28.45274pt)
* v-part:(T,H,B)=(28.45274pt, 759.6886pt, 56.9055pt)
* \paperwidth=597.50787pt
* \paperheight=845.04684pt
* \textwidth=540.60239pt
* \textheight=759.6886pt
* \oddsidemargin=-43.81725pt
* \evensidemargin=-43.81725pt
* \topmargin=-80.81725pt
* \headheight=12.0pt
* \headsep=25.0pt
* \topskip=10.0pt
* \footskip=30.0pt
* \marginparwidth=57.0pt
* \marginparsep=11.0pt
* \columnsep=10.0pt
* \skip\footins=9.0pt plus 4.0pt minus 2.0pt
* \hoffset=0.0pt
* \voffset=0.0pt
* \mag=1000
* \@twocolumnfalse
* \@twosidefalse
* \@mparswitchfalse
* \@reversemarginfalse
* (1in=72.27pt=25.4mm, 1cm=28.453pt)

(c:/texlive/2024/texmf-dist/tex/context/base/mkii/supp-pdf.mkii
[Loading MPS to PDF converter (version 2006.09.02).]
\scratchcounter=\count305
\scratchdimen=\dimen176
\scratchbox=\box57
\nofMPsegments=\count306
\nofMParguments=\count307
\everyMPshowfont=\toks37
\MPscratchCnt=\count308
\MPscratchDim=\dimen177
\MPnumerator=\count309
\makeMPintoPDFobject=\count310
\everyMPtoPDFconversion=\toks38
) (c:/texlive/2024/texmf-dist/tex/latex/epstopdf-pkg/epstopdf-base.sty
Package: epstopdf-base 2020-01-24 v2.11 Base part for package epstopdf
Package epstopdf-base Info: Redefining graphics rule for `.eps' on input line 485.
 (c:/texlive/2024/texmf-dist/tex/latex/latexconfig/epstopdf-sys.cfg
File: epstopdf-sys.cfg 2010/07/13 v1.3 Configuration of (r)epstopdf for TeX Live
))
<logo_dc.jpg, id=1, 215.6055pt x 83.5923pt>
File: logo_dc.jpg Graphic file (type jpg)
<use logo_dc.jpg>
Package pdftex.def Info: logo_dc.jpg  used on input line 37.
(pdftex.def)             Requested size: 215.60497pt x 83.59207pt.

Underfull \hbox (badness 10000) in paragraph at lines 37--37

 []

<logo_uba.jpg, id=2, 225.4824pt x 231.7458pt>
File: logo_uba.jpg Graphic file (type jpg)
<use logo_uba.jpg>
Package pdftex.def Info: logo_uba.jpg  used on input line 37.
(pdftex.def)             Requested size: 225.48184pt x 231.74522pt.

Underfull \hbox (badness 10000) in paragraph at lines 37--37

 []



[1

{c:/texlive/2024/texmf-var/fonts/map/pdftex/updmap/pdftex.map} <./logo_dc.jpg> <./logo_uba.jpg>]
LaTeX Font Info:    Font shape `OT1/cmtt/bx/n' in size <10> not available
(Font)              Font shape `OT1/cmtt/m/n' tried instead on input line 51.
LaTeX Font Info:    Trying to load font information for OMS+cmr on input line 51.
 (c:/texlive/2024/texmf-dist/tex/latex/base/omscmr.fd
File: omscmr.fd 2023/04/13 v2.5m Standard LaTeX font definitions
)
LaTeX Font Info:    Font shape `OMS/cmr/m/n' in size <10> not available
(Font)              Font shape `OMS/cmsy/m/n' tried instead on input line 51.
LaTeX Font Info:    Trying to load font information for U+dsrom on input line 63.
 (c:/texlive/2024/texmf-dist/tex/latex/doublestroke/Udsrom.fd
File: Udsrom.fd 1995/08/01 v0.1 Double stroke roman font definitions
)
Underfull \hbox (badness 10000) in paragraph at lines 140--142

 []


Underfull \hbox (badness 10000) in paragraph at lines 151--153

 []



[1]
Underfull \hbox (badness 10000) in paragraph at lines 182--182
[]$[] \OMS/cmsy/m/n/10 ^[]
 []


Underfull \hbox (badness 10000) in paragraph at lines 182--182

 []

c:/Users/mati/Documents/GitHub/TPS-AED/TP1/Tp1.tex:249: Missing \right. inserted.
<inserted text> 
                \right .
l.249 	$}
         
I've inserted something that you may have forgotten.
(See the <inserted text> above.)
With luck, this will get me unwedged. But if you
really didn't forget anything, try typing `2' now; then
my insertion and my current dilemma will both disappear.

c:/Users/mati/Documents/GitHub/TPS-AED/TP1/Tp1.tex:249: Extra \right.
<argument> ...rigen, destino)[i] \right ) \right )
                                                   $\end {adjustwidth}$ 
l.249 	$}
         
I'm ignoring a \right that had no matching \left.

c:/Users/mati/Documents/GitHub/TPS-AED/TP1/Tp1.tex:249: Missing $ inserted.
<inserted text> 
                $
l.249 	$}
         
I've inserted a begin-math/end-math symbol since I think
you left one out. Proceed, with fingers crossed.


c:/Users/mati/Documents/GitHub/TPS-AED/TP1/Tp1.tex:249: LaTeX Error: Command \bfseries invalid in math mode.

See the LaTeX manual or LaTeX Companion for explanation.
Type  H <return>  for immediate help.
 ...                                              
                                                  
l.249 	$}
         
Please use the math alphabet \mathbf instead of the \bfseries command. 

c:/Users/mati/Documents/GitHub/TPS-AED/TP1/Tp1.tex:249: Missing $ inserted.
<inserted text> 
                $
l.249 	$}
         
I've inserted a begin-math/end-math symbol since I think
you left one out. Proceed, with fingers crossed.

c:/Users/mati/Documents/GitHub/TPS-AED/TP1/Tp1.tex:249: Missing } inserted.
<inserted text> 
                }
l.249 	$}
         
I've inserted something that you may have forgotten.
(See the <inserted text> above.)
With luck, this will get me unwedged. But if you
really didn't forget anything, try typing `2' now; then
my insertion and my current dilemma will both disappear.

c:/Users/mati/Documents/GitHub/TPS-AED/TP1/Tp1.tex:249: Extra }, or forgotten \endgroup.
\aux ... #3\, = #4{\normalfont \bfseries \,;\par }
                                                  
l.249 	$}
         
I've deleted a group-closing symbol because it seems to be
spurious, as in `$x}$'. But perhaps the } is legitimate and
you forgot something else, as in `\hbox{$x}'. In such cases
the way to recover is to insert both the forgotten and the
deleted material, e.g., by typing `I$}'.


Underfull \hbox (badness 10000) in paragraph at lines 271--274

 []



[2]
LaTeX Font Info:    Trying to load font information for OML+cmr on input line 286.
 (c:/texlive/2024/texmf-dist/tex/latex/base/omlcmr.fd
File: omlcmr.fd 2023/04/13 v2.5m Standard LaTeX font definitions
)
LaTeX Font Info:    Font shape `OML/cmr/m/n' in size <10> not available
(Font)              Font shape `OML/cmm/m/it' tried instead on input line 286.

Underfull \hbox (badness 10000) in paragraph at lines 278--290

 []


Underfull \hbox (badness 10000) in paragraph at lines 293--298

 []



[3]

c:/Users/mati/Documents/GitHub/TPS-AED/TP1/Tp1.tex:398: Package amsmath Error: Erroneous nesting of equation structures;
(amsmath)                trying to recover with `aligned'.

See the amsmath package documentation for explanation.
Type  H <return>  for immediate help.
 ...                                              
                                                  
l.398 	\end{align}
                  
Try typing  <return>  to proceed.
If that doesn't work, type  X <return>  to quit.


c:/Users/mati/Documents/GitHub/TPS-AED/TP1/Tp1.tex:423: Package amsmath Error: Erroneous nesting of equation structures;
(amsmath)                trying to recover with `aligned'.

See the amsmath package documentation for explanation.
Type  H <return>  for immediate help.
 ...                                              
                                                  
l.423 	\end{align}
                  
Try typing  <return>  to proceed.
If that doesn't work, type  X <return>  to quit.

c:/Users/mati/Documents/GitHub/TPS-AED/TP1/Tp1.tex:423: Missing } inserted.
<inserted text> 
                }
l.423 	\end{align}
                  
I've inserted something that you may have forgotten.
(See the <inserted text> above.)
With luck, this will get me unwedged. But if you
really didn't forget anything, try typing `2' now; then
my insertion and my current dilemma will both disappear.

c:/Users/mati/Documents/GitHub/TPS-AED/TP1/Tp1.tex:423: Missing { inserted.
<inserted text> 
                {
l.423 	\end{align}
                  
I've put in what seems to be necessary to fix
the current column of the current alignment.
Try to go on, since this might almost work.

c:/Users/mati/Documents/GitHub/TPS-AED/TP1/Tp1.tex:423: Missing $ inserted.
<inserted text> 
                $
l.423 	\end{align}
                  
I've inserted a begin-math/end-math symbol since I think
you left one out. Proceed, with fingers crossed.

c:/Users/mati/Documents/GitHub/TPS-AED/TP1/Tp1.tex:423: Missing } inserted.
<inserted text> 
                }
l.423 	\end{align}
                  
I've inserted something that you may have forgotten.
(See the <inserted text> above.)
With luck, this will get me unwedged. But if you
really didn't forget anything, try typing `2' now; then
my insertion and my current dilemma will both disappear.

c:/Users/mati/Documents/GitHub/TPS-AED/TP1/Tp1.tex:423: Missing { inserted.
<inserted text> 
                {
l.423 	\end{align}
                  
I've put in what seems to be necessary to fix
the current column of the current alignment.
Try to go on, since this might almost work.

c:/Users/mati/Documents/GitHub/TPS-AED/TP1/Tp1.tex:423: Missing $ inserted.
<inserted text> 
                $
l.423 	\end{align}
                  
I've inserted a begin-math/end-math symbol since I think
you left one out. Proceed, with fingers crossed.


c:/Users/mati/Documents/GitHub/TPS-AED/TP1/Tp1.tex:439: Package amsmath Error: Erroneous nesting of equation structures;
(amsmath)                trying to recover with `aligned'.

See the amsmath package documentation for explanation.
Type  H <return>  for immediate help.
 ...                                              
                                                  
l.439 	\end{align}
                  
Try typing  <return>  to proceed.
If that doesn't work, type  X <return>  to quit.

c:/Users/mati/Documents/GitHub/TPS-AED/TP1/Tp1.tex:439: Undefined control sequence.
<argument> ...ca \neg (i < |ciudades|) \checkmark 
                                                  \\ $$ 
l.439 	\end{align}
                  
The control sequence at the end of the top line
of your error message was never \def'ed. If you have
misspelled it (e.g., `\hobx'), type `I' and the correct
spelling (e.g., `I\hbox'). Otherwise just continue,
and I'll forget about whatever was undefined.

c:/Users/mati/Documents/GitHub/TPS-AED/TP1/Tp1.tex:439: Missing } inserted.
<inserted text> 
                }
l.439 	\end{align}
                  
I've inserted something that you may have forgotten.
(See the <inserted text> above.)
With luck, this will get me unwedged. But if you
really didn't forget anything, try typing `2' now; then
my insertion and my current dilemma will both disappear.

c:/Users/mati/Documents/GitHub/TPS-AED/TP1/Tp1.tex:439: Missing { inserted.
<inserted text> 
                {
l.439 	\end{align}
                  
I've put in what seems to be necessary to fix
the current column of the current alignment.
Try to go on, since this might almost work.



[4]

c:/Users/mati/Documents/GitHub/TPS-AED/TP1/Tp1.tex:446: LaTeX Error: Lonely \item--perhaps a missing list environment.

See the LaTeX manual or LaTeX Companion for explanation.
Type  H <return>  for immediate help.
 ...                                              
                                                  
l.446 \item L
             uego me falta ver que P \implica \textit{wp} \left( S1;S2,P_{c}...
Try typing  <return>  to proceed.
If that doesn't work, type  X <return>  to quit.


Underfull \hbox (badness 10000) detected at line 446
[][]
 []

c:/Users/mati/Documents/GitHub/TPS-AED/TP1/Tp1.tex:446: Missing $ inserted.
<inserted text> 
                $
l.446 ...alta ver que P \implica \textit{wp} \left
                                                  ( S1;S2,P_{c} \right) \\
I've inserted a begin-math/end-math symbol since I think
you left one out. Proceed, with fingers crossed.

c:/Users/mati/Documents/GitHub/TPS-AED/TP1/Tp1.tex:447: Missing $ inserted.
<inserted text> 
                $
l.447 
      
I've inserted a begin-math/end-math symbol since I think
you left one out. Proceed, with fingers crossed.


Underfull \hbox (badness 10000) in paragraph at lines 446--447

 []

c:/Users/mati/Documents/GitHub/TPS-AED/TP1/Tp1.tex:448: Missing $ inserted.
<inserted text> 
                $
l.448 wp \left
              (S1;S2,P_{c}\right) \equiv wp\left(res:=0; i:=0, P_{c} \right)...
I've inserted a begin-math/end-math symbol since I think
you left one out. Proceed, with fingers crossed.

c:/Users/mati/Documents/GitHub/TPS-AED/TP1/Tp1.tex:449: Double subscript.
l.449 wp\left( res:=0,def(i) \yLuego P_{c}\space_
                                                 {i}^{0} \right) \equiv wp(S...
I treat `x_1_2' essentially like `x_1{}_2'.

c:/Users/mati/Documents/GitHub/TPS-AED/TP1/Tp1.tex:451: Double subscript.
l.451 \yLuego P_{c}\space_
                          {res} ^{0} \equiv 0 = 0 \equiv \True \\
I treat `x_1_2' essentially like `x_1{}_2'.

c:/Users/mati/Documents/GitHub/TPS-AED/TP1/Tp1.tex:452: Missing $ inserted.
<inserted text> 
                $
l.452 
      
I've inserted a begin-math/end-math symbol since I think
you left one out. Proceed, with fingers crossed.


Underfull \hbox (badness 10000) in paragraph at lines 448--452

 []


c:/Users/mati/Documents/GitHub/TPS-AED/TP1/Tp1.tex:453: LaTeX Error: There's no line here to end.

See the LaTeX manual or LaTeX Companion for explanation.
Type  H <return>  for immediate help.
 ...                                              
                                                  
l.453 \\ L
          uego, como P \implica \space \True \space es tautología, siempre ...
Your command was ignored.
Type  I <command> <return>  to replace it with another command,
or  <return>  to continue without it.

Runaway argument?
 & P \implica \textit {wp} \{S1;S2;P_{c}\} \equiv \textit {wp} (S1,\textit \ETC.
c:/Users/mati/Documents/GitHub/TPS-AED/TP1/Tp1.tex:461: Paragraph ended before \align was complete.
<to be read again> 
                   \par 
l.461 
      
I suspect you've forgotten a `}', causing me to apply this
control sequence to too much text. How can we recover?
My plan is to forget the whole thing and hope for the best.

c:/Users/mati/Documents/GitHub/TPS-AED/TP1/Tp1.tex:461: Missing $ inserted.
<inserted text> 
                $
l.461 
      
I've inserted a begin-math/end-math symbol since I think
you left one out. Proceed, with fingers crossed.

c:/Users/mati/Documents/GitHub/TPS-AED/TP1/Tp1.tex:461: Missing \endgroup inserted.
<inserted text> 
                \endgroup 
l.461 
      
I've inserted something that you may have forgotten.
(See the <inserted text> above.)
With luck, this will get me unwedged. But if you
really didn't forget anything, try typing `2' now; then
my insertion and my current dilemma will both disappear.

c:/Users/mati/Documents/GitHub/TPS-AED/TP1/Tp1.tex:461: Missing \endgroup inserted.
<inserted text> 
                \endgroup 
l.461 
      
I've inserted something that you may have forgotten.
(See the <inserted text> above.)
With luck, this will get me unwedged. But if you
really didn't forget anything, try typing `2' now; then
my insertion and my current dilemma will both disappear.

c:/Users/mati/Documents/GitHub/TPS-AED/TP1/Tp1.tex:461: Display math should end with $$.
<to be read again> 
                   \tex_par:D 
l.461 
      
The `$' that I just saw supposedly matches a previous `$$'.
So I shall assume that you typed `$$' both times.


c:/Users/mati/Documents/GitHub/TPS-AED/TP1/Tp1.tex:462: LaTeX Error: Lonely \item--perhaps a missing list environment.

See the LaTeX manual or LaTeX Companion for explanation.
Type  H <return>  for immediate help.
 ...                                              
                                                  
l.462 \item Q
             ueda demostrado que \textbf{la tripla \{P\}S1;S2;S3\{Q\}\; es v...
Try typing  <return>  to proceed.
If that doesn't work, type  X <return>  to quit.


Underfull \hbox (badness 10000) detected at line 462
[][]
 []

LaTeX Font Info:    Font shape `OMS/cmr/bx/n' in size <10> not available
(Font)              Font shape `OMS/cmsy/b/n' tried instead on input line 462.

c:/Users/mati/Documents/GitHub/TPS-AED/TP1/Tp1.tex:466: LaTeX Error: Environment multiline undefined.

See the LaTeX manual or LaTeX Companion for explanation.
Type  H <return>  for immediate help.
 ...                                              
                                                  
l.466 \begin{multiline}
                       
Your command was ignored.
Type  I <command> <return>  to replace it with another command,
or  <return>  to continue without it.

c:/Users/mati/Documents/GitHub/TPS-AED/TP1/Tp1.tex:468: Misplaced alignment tab character &.
l.468 	I &
          \equiv \{ 0 \leq i \leq |ciudades| \land res = \sum \limits_{j=0}^...
I can't figure out why you would want to use a tab mark
here. If you just want an ampersand, the remedy is
simple: Just type `I\&' now. But if some right brace
up above has ended a previous alignment prematurely,
you're probably due for more error messages, and you
might try typing `S' now just to see what is salvageable.

c:/Users/mati/Documents/GitHub/TPS-AED/TP1/Tp1.tex:468: Missing $ inserted.
<inserted text> 
                $
l.468 	I &\equiv
                 \{ 0 \leq i \leq |ciudades| \land res = \sum \limits_{j=0}^...
I've inserted a begin-math/end-math symbol since I think
you left one out. Proceed, with fingers crossed.

c:/Users/mati/Documents/GitHub/TPS-AED/TP1/Tp1.tex:469: Misplaced alignment tab character &.
l.469 	Q &
          \equiv \{ \text{res} = \sum_{i=0}^{|ciudades|-1} ciudades[i].habit...
I can't figure out why you would want to use a tab mark
here. If you just want an ampersand, the remedy is
simple: Just type `I\&' now. But if some right brace
up above has ended a previous alignment prematurely,
you're probably due for more error messages, and you
might try typing `S' now just to see what is salvageable.

c:/Users/mati/Documents/GitHub/TPS-AED/TP1/Tp1.tex:476: Missing $ inserted.
<inserted text> 
                $
l.476 	$\{I \land
                  B\} S \{{I}\} \longleftrightarrow {I \land B} \implica wp(...
I've inserted a begin-math/end-math symbol since I think
you left one out. Proceed, with fingers crossed.

c:/Users/mati/Documents/GitHub/TPS-AED/TP1/Tp1.tex:479: Missing $ inserted.
<inserted text> 
                $
l.479 	\text{\{I \land  \neg B\} $\implica Q_{c}$}
                                                  \\
I've inserted a begin-math/end-math symbol since I think
you left one out. Proceed, with fingers crossed.

c:/Users/mati/Documents/GitHub/TPS-AED/TP1/Tp1.tex:479: Missing $ inserted.
<inserted text> 
                $
l.479 	\text{\{I \land  \neg B\} $\implica Q_{c}$}
                                                  \\
I've inserted a begin-math/end-math symbol since I think
you left one out. Proceed, with fingers crossed.


c:/Users/mati/Documents/GitHub/TPS-AED/TP1/Tp1.tex:481: LaTeX Error: Something's wrong--perhaps a missing \item.

See the LaTeX manual or LaTeX Companion for explanation.
Type  H <return>  for immediate help.
 ...                                              
                                                  
l.481 ...\wedge \neg \left( i<|ciudades| \right)$}
                                                  \\
Try typing  <return>  to proceed.
If that doesn't work, type  X <return>  to quit.


c:/Users/mati/Documents/GitHub/TPS-AED/TP1/Tp1.tex:481: LaTeX Error: Something's wrong--perhaps a missing \item.

See the LaTeX manual or LaTeX Companion for explanation.
Type  H <return>  for immediate help.
 ...                                              
                                                  
l.481 ...\wedge \neg \left( i<|ciudades| \right)$}
                                                  \\
Try typing  <return>  to proceed.
If that doesn't work, type  X <return>  to quit.


c:/Users/mati/Documents/GitHub/TPS-AED/TP1/Tp1.tex:481: LaTeX Error: Something's wrong--perhaps a missing \item.

See the LaTeX manual or LaTeX Companion for explanation.
Type  H <return>  for immediate help.
 ...                                              
                                                  
l.481 ...\wedge \neg \left( i<|ciudades| \right)$}
                                                  \\
Try typing  <return>  to proceed.
If that doesn't work, type  X <return>  to quit.


c:/Users/mati/Documents/GitHub/TPS-AED/TP1/Tp1.tex:481: LaTeX Error: Something's wrong--perhaps a missing \item.

See the LaTeX manual or LaTeX Companion for explanation.
Type  H <return>  for immediate help.
 ...                                              
                                                  
l.481 ...\wedge \neg \left( i<|ciudades| \right)$}
                                                  \\
Try typing  <return>  to proceed.
If that doesn't work, type  X <return>  to quit.


c:/Users/mati/Documents/GitHub/TPS-AED/TP1/Tp1.tex:481: LaTeX Error: Something's wrong--perhaps a missing \item.

See the LaTeX manual or LaTeX Companion for explanation.
Type  H <return>  for immediate help.
 ...                                              
                                                  
l.481 ...\wedge \neg \left( i<|ciudades| \right)$}
                                                  \\
Try typing  <return>  to proceed.
If that doesn't work, type  X <return>  to quit.


c:/Users/mati/Documents/GitHub/TPS-AED/TP1/Tp1.tex:481: LaTeX Error: Something's wrong--perhaps a missing \item.

See the LaTeX manual or LaTeX Companion for explanation.
Type  H <return>  for immediate help.
 ...                                              
                                                  
l.481 ...\wedge \neg \left( i<|ciudades| \right)$}
                                                  \\
Try typing  <return>  to proceed.
If that doesn't work, type  X <return>  to quit.


c:/Users/mati/Documents/GitHub/TPS-AED/TP1/Tp1.tex:483: LaTeX Error: Something's wrong--perhaps a missing \item.

See the LaTeX manual or LaTeX Companion for explanation.
Type  H <return>  for immediate help.
 ...                                              
                                                  
l.483 ...antes \geq 0 } \wedge  i\geq|ciudades| $}
                                                  \\
Try typing  <return>  to proceed.
If that doesn't work, type  X <return>  to quit.


c:/Users/mati/Documents/GitHub/TPS-AED/TP1/Tp1.tex:483: LaTeX Error: Something's wrong--perhaps a missing \item.

See the LaTeX manual or LaTeX Companion for explanation.
Type  H <return>  for immediate help.
 ...                                              
                                                  
l.483 ...antes \geq 0 } \wedge  i\geq|ciudades| $}
                                                  \\
Try typing  <return>  to proceed.
If that doesn't work, type  X <return>  to quit.


c:/Users/mati/Documents/GitHub/TPS-AED/TP1/Tp1.tex:483: LaTeX Error: Something's wrong--perhaps a missing \item.

See the LaTeX manual or LaTeX Companion for explanation.
Type  H <return>  for immediate help.
 ...                                              
                                                  
l.483 ...antes \geq 0 } \wedge  i\geq|ciudades| $}
                                                  \\
Try typing  <return>  to proceed.
If that doesn't work, type  X <return>  to quit.


c:/Users/mati/Documents/GitHub/TPS-AED/TP1/Tp1.tex:483: LaTeX Error: Something's wrong--perhaps a missing \item.

See the LaTeX manual or LaTeX Companion for explanation.
Type  H <return>  for immediate help.
 ...                                              
                                                  
l.483 ...antes \geq 0 } \wedge  i\geq|ciudades| $}
                                                  \\
Try typing  <return>  to proceed.
If that doesn't work, type  X <return>  to quit.


c:/Users/mati/Documents/GitHub/TPS-AED/TP1/Tp1.tex:483: LaTeX Error: Something's wrong--perhaps a missing \item.

See the LaTeX manual or LaTeX Companion for explanation.
Type  H <return>  for immediate help.
 ...                                              
                                                  
l.483 ...antes \geq 0 } \wedge  i\geq|ciudades| $}
                                                  \\
Try typing  <return>  to proceed.
If that doesn't work, type  X <return>  to quit.


c:/Users/mati/Documents/GitHub/TPS-AED/TP1/Tp1.tex:483: LaTeX Error: Something's wrong--perhaps a missing \item.

See the LaTeX manual or LaTeX Companion for explanation.
Type  H <return>  for immediate help.
 ...                                              
                                                  
l.483 ...antes \geq 0 } \wedge  i\geq|ciudades| $}
                                                  \\
Try typing  <return>  to proceed.
If that doesn't work, type  X <return>  to quit.


c:/Users/mati/Documents/GitHub/TPS-AED/TP1/Tp1.tex:485: LaTeX Error: Something's wrong--perhaps a missing \item.

See the LaTeX manual or LaTeX Companion for explanation.
Type  H <return>  for immediate help.
 ...                                              
                                                  
l.485 ...aLuego ciudades[j].habitantes \geq 0 } $}
                                                  \\
Try typing  <return>  to proceed.
If that doesn't work, type  X <return>  to quit.


c:/Users/mati/Documents/GitHub/TPS-AED/TP1/Tp1.tex:485: LaTeX Error: Something's wrong--perhaps a missing \item.

See the LaTeX manual or LaTeX Companion for explanation.
Type  H <return>  for immediate help.
 ...                                              
                                                  
l.485 ...aLuego ciudades[j].habitantes \geq 0 } $}
                                                  \\
Try typing  <return>  to proceed.
If that doesn't work, type  X <return>  to quit.


c:/Users/mati/Documents/GitHub/TPS-AED/TP1/Tp1.tex:485: LaTeX Error: Something's wrong--perhaps a missing \item.

See the LaTeX manual or LaTeX Companion for explanation.
Type  H <return>  for immediate help.
 ...                                              
                                                  
l.485 ...aLuego ciudades[j].habitantes \geq 0 } $}
                                                  \\
Try typing  <return>  to proceed.
If that doesn't work, type  X <return>  to quit.


c:/Users/mati/Documents/GitHub/TPS-AED/TP1/Tp1.tex:485: LaTeX Error: Something's wrong--perhaps a missing \item.

See the LaTeX manual or LaTeX Companion for explanation.
Type  H <return>  for immediate help.
 ...                                              
                                                  
l.485 ...aLuego ciudades[j].habitantes \geq 0 } $}
                                                  \\
Try typing  <return>  to proceed.
If that doesn't work, type  X <return>  to quit.


c:/Users/mati/Documents/GitHub/TPS-AED/TP1/Tp1.tex:485: LaTeX Error: Something's wrong--perhaps a missing \item.

See the LaTeX manual or LaTeX Companion for explanation.
Type  H <return>  for immediate help.
 ...                                              
                                                  
l.485 ...aLuego ciudades[j].habitantes \geq 0 } $}
                                                  \\
Try typing  <return>  to proceed.
If that doesn't work, type  X <return>  to quit.


c:/Users/mati/Documents/GitHub/TPS-AED/TP1/Tp1.tex:485: LaTeX Error: Something's wrong--perhaps a missing \item.

See the LaTeX manual or LaTeX Companion for explanation.
Type  H <return>  for immediate help.
 ...                                              
                                                  
l.485 ...aLuego ciudades[j].habitantes \geq 0 } $}
                                                  \\
Try typing  <return>  to proceed.
If that doesn't work, type  X <return>  to quit.


c:/Users/mati/Documents/GitHub/TPS-AED/TP1/Tp1.tex:487: LaTeX Error: Something's wrong--perhaps a missing \item.

See the LaTeX manual or LaTeX Companion for explanation.
Type  H <return>  for immediate help.
 ...                                              
                                                  
l.487 ...aLuego ciudades[j].habitantes \geq 0 } $}
                                                  \\
Try typing  <return>  to proceed.
If that doesn't work, type  X <return>  to quit.


c:/Users/mati/Documents/GitHub/TPS-AED/TP1/Tp1.tex:487: LaTeX Error: Something's wrong--perhaps a missing \item.

See the LaTeX manual or LaTeX Companion for explanation.
Type  H <return>  for immediate help.
 ...                                              
                                                  
l.487 ...aLuego ciudades[j].habitantes \geq 0 } $}
                                                  \\
Try typing  <return>  to proceed.
If that doesn't work, type  X <return>  to quit.


c:/Users/mati/Documents/GitHub/TPS-AED/TP1/Tp1.tex:487: LaTeX Error: Something's wrong--perhaps a missing \item.

See the LaTeX manual or LaTeX Companion for explanation.
Type  H <return>  for immediate help.
 ...                                              
                                                  
l.487 ...aLuego ciudades[j].habitantes \geq 0 } $}
                                                  \\
Try typing  <return>  to proceed.
If that doesn't work, type  X <return>  to quit.


c:/Users/mati/Documents/GitHub/TPS-AED/TP1/Tp1.tex:487: LaTeX Error: Something's wrong--perhaps a missing \item.

See the LaTeX manual or LaTeX Companion for explanation.
Type  H <return>  for immediate help.
 ...                                              
                                                  
l.487 ...aLuego ciudades[j].habitantes \geq 0 } $}
                                                  \\
Try typing  <return>  to proceed.
If that doesn't work, type  X <return>  to quit.


c:/Users/mati/Documents/GitHub/TPS-AED/TP1/Tp1.tex:487: LaTeX Error: Something's wrong--perhaps a missing \item.

See the LaTeX manual or LaTeX Companion for explanation.
Type  H <return>  for immediate help.
 ...                                              
                                                  
l.487 ...aLuego ciudades[j].habitantes \geq 0 } $}
                                                  \\
Try typing  <return>  to proceed.
If that doesn't work, type  X <return>  to quit.


c:/Users/mati/Documents/GitHub/TPS-AED/TP1/Tp1.tex:487: LaTeX Error: Something's wrong--perhaps a missing \item.

See the LaTeX manual or LaTeX Companion for explanation.
Type  H <return>  for immediate help.
 ...                                              
                                                  
l.487 ...aLuego ciudades[j].habitantes \geq 0 } $}
                                                  \\
Try typing  <return>  to proceed.
If that doesn't work, type  X <return>  to quit.


c:/Users/mati/Documents/GitHub/TPS-AED/TP1/Tp1.tex:495: LaTeX Error: Something's wrong--perhaps a missing \item.

See the LaTeX manual or LaTeX Companion for explanation.
Type  H <return>  for immediate help.
 ...                                              
                                                  
l.495 ...ades|-1} ciudades[j].habitantes \wedge $}
                                                  \\
Try typing  <return>  to proceed.
If that doesn't work, type  X <return>  to quit.


c:/Users/mati/Documents/GitHub/TPS-AED/TP1/Tp1.tex:495: LaTeX Error: Something's wrong--perhaps a missing \item.

See the LaTeX manual or LaTeX Companion for explanation.
Type  H <return>  for immediate help.
 ...                                              
                                                  
l.495 ...ades|-1} ciudades[j].habitantes \wedge $}
                                                  \\
Try typing  <return>  to proceed.
If that doesn't work, type  X <return>  to quit.


c:/Users/mati/Documents/GitHub/TPS-AED/TP1/Tp1.tex:495: LaTeX Error: Something's wrong--perhaps a missing \item.

See the LaTeX manual or LaTeX Companion for explanation.
Type  H <return>  for immediate help.
 ...                                              
                                                  
l.495 ...ades|-1} ciudades[j].habitantes \wedge $}
                                                  \\
Try typing  <return>  to proceed.
If that doesn't work, type  X <return>  to quit.


c:/Users/mati/Documents/GitHub/TPS-AED/TP1/Tp1.tex:495: LaTeX Error: Something's wrong--perhaps a missing \item.

See the LaTeX manual or LaTeX Companion for explanation.
Type  H <return>  for immediate help.
 ...                                              
                                                  
l.495 ...ades|-1} ciudades[j].habitantes \wedge $}
                                                  \\
Try typing  <return>  to proceed.
If that doesn't work, type  X <return>  to quit.


c:/Users/mati/Documents/GitHub/TPS-AED/TP1/Tp1.tex:495: LaTeX Error: Something's wrong--perhaps a missing \item.

See the LaTeX manual or LaTeX Companion for explanation.
Type  H <return>  for immediate help.
 ...                                              
                                                  
l.495 ...ades|-1} ciudades[j].habitantes \wedge $}
                                                  \\
Try typing  <return>  to proceed.
If that doesn't work, type  X <return>  to quit.


c:/Users/mati/Documents/GitHub/TPS-AED/TP1/Tp1.tex:495: LaTeX Error: Something's wrong--perhaps a missing \item.

See the LaTeX manual or LaTeX Companion for explanation.
Type  H <return>  for immediate help.
 ...                                              
                                                  
l.495 ...ades|-1} ciudades[j].habitantes \wedge $}
                                                  \\
Try typing  <return>  to proceed.
If that doesn't work, type  X <return>  to quit.

c:/Users/mati/Documents/GitHub/TPS-AED/TP1/Tp1.tex:497: Missing $ inserted.
<inserted text> 
                $
l.497 	\text{\{I \land  \neg B\} $\implica Q_{c}$}
                                                  \\
I've inserted a begin-math/end-math symbol since I think
you left one out. Proceed, with fingers crossed.

c:/Users/mati/Documents/GitHub/TPS-AED/TP1/Tp1.tex:497: Missing $ inserted.
<inserted text> 
                $
l.497 	\text{\{I \land  \neg B\} $\implica Q_{c}$}
                                                  \\
I've inserted a begin-math/end-math symbol since I think
you left one out. Proceed, with fingers crossed.


Overfull \hbox (21.12755pt too wide) in paragraph at lines 468--500
[] 
 []


Overfull \hbox (95.62097pt too wide) in paragraph at lines 468--500
[] 
 []



[5]

c:/Users/mati/Documents/GitHub/TPS-AED/TP1/Tp1.tex:501: LaTeX Error: \begin{equation} on input line 455 ended by \end{multiline}.

See the LaTeX manual or LaTeX Companion for explanation.
Type  H <return>  for immediate help.
 ...                                              
                                                  
l.501 \end{multiline}
                     
Your command was ignored.
Type  I <command> <return>  to replace it with another command,
or  <return>  to continue without it.


Package caption Warning: Unused \captionsetup[sub] on input line 7.
See the caption package documentation for explanation.


c:/Users/mati/Documents/GitHub/TPS-AED/TP1/Tp1.tex:503: LaTeX Error: \begin{equation} on input line 455 ended by \end{document}.

See the LaTeX manual or LaTeX Companion for explanation.
Type  H <return>  for immediate help.
 ...                                              
                                                  
l.503 \end{document}
                    
Your command was ignored.
Type  I <command> <return>  to replace it with another command,
or  <return>  to continue without it.



[6] (./Tp1.aux
LaTeX Info: Redefining \. on input line 9.
LaTeX Info: Redefining \% on input line 9.
)
 ***********
LaTeX2e <2024-06-01> patch level 2
L3 programming layer <2024-09-10>
 ***********
 )
(\end occurred inside a group at level 1)

### semi simple group (level 1) entered at line 455 (\begingroup)
### bottom level 
Here is how much of TeX's memory you used:
 7409 strings out of 473579
 120131 string characters out of 5732263
 717579 words of memory out of 5000000
 30224 multiletter control sequences out of 15000+600000
 568228 words of font info for 75 fonts, out of 8000000 for 9000
 1141 hyphenation exceptions out of 8191
 72i,11n,79p,426b,365s stack positions out of 10000i,1000n,20000p,200000b,200000s
<c:/texlive/2024/texmf-dist/fonts/type1/public/amsfonts/cm/cmbsy10.pfb><c:/texlive/2024/texmf-dist/fonts/type1/public/amsfonts/cm/cmbx10.pfb><c:/texlive/2024/texmf-dist/fonts/type1/public/amsfonts/cm/cmbx12.pfb><c:/texlive/2024/texmf-dist/fonts/type1/public/amsfonts/cm/cmex10.pfb><c:/texlive/2024/texmf-dist/fonts/type1/public/amsfonts/cm/cmmi10.pfb><c:/texlive/2024/texmf-dist/fonts/type1/public/amsfonts/cm/cmmi12.pfb><c:/texlive/2024/texmf-dist/fonts/type1/public/amsfonts/cm/cmmi7.pfb><c:/texlive/2024/texmf-dist/fonts/type1/public/amsfonts/cm/cmr10.pfb><c:/texlive/2024/texmf-dist/fonts/type1/public/amsfonts/cm/cmr12.pfb><c:/texlive/2024/texmf-dist/fonts/type1/public/amsfonts/cm/cmr7.pfb><c:/texlive/2024/texmf-dist/fonts/type1/public/amsfonts/cm/cmss10.pfb><c:/texlive/2024/texmf-dist/fonts/type1/public/amsfonts/cm/cmssbx10.pfb><c:/texlive/2024/texmf-dist/fonts/type1/public/amsfonts/cm/cmsy10.pfb><c:/texlive/2024/texmf-dist/fonts/type1/public/amsfonts/cm/cmsy7.pfb><c:/texlive/2024/texmf-dist/fonts/type1/public/amsfonts/cm/cmti10.pfb><c:/texlive/2024/texmf-dist/fonts/type1/public/amsfonts/cm/cmtt10.pfb><c:/texlive/2024/texmf-dist/fonts/type1/public/doublestroke/dsrom10.pfb>
Output written on Tp1.pdf (7 pages, 579890 bytes).
PDF statistics:
 115 PDF objects out of 1000 (max. 8388607)
 69 compressed objects within 1 object stream
 0 named destinations out of 1000 (max. 500000)
 11 words of extra memory for PDF output out of 10000 (max. 10000000)

